<?xml version="1.0" encoding="UTF-8"?>
<!-- Generated by org.testng.reporters.JUnitReportReporter -->
<testsuite hostname="kshitijs-MacBook-Air.local" failures="0" tests="1" name="com.vittech.Automation.TestCase.Facebook" time="7.511" errors="0" timestamp="2025-03-04T15:59:52 IST" skipped="0">
  <testcase classname="com.vittech.Automation.TestCase.Facebook" name="facebookAutomaton" time="7.511"/>
</testsuite> <!-- com.vittech.Automation.TestCase.Facebook -->
