<?xml version="1.0" encoding="UTF-8"?>
<!-- Generated by org.testng.reporters.JUnitReportReporter -->
<testsuite hostname="kshitijs-MacBook-Air.local" failures="0" tests="2" name="com.vittech.Automation.TestCase.LoginTC" time="7.148" errors="0" timestamp="2025-02-27T17:45:55 IST" skipped="0">
  <testcase classname="com.vittech.Automation.TestCase.LoginTC" name="verifyLoginPageTitle" time="3.013"/>
  <testcase classname="com.vittech.Automation.TestCase.LoginTC" name="login" time="4.135"/>
</testsuite> <!-- com.vittech.Automation.TestCase.LoginTC -->
